<?xml version="1.0" encoding="UTF-8"?>
<!-- Generated by org.testng.reporters.JUnitReportReporter -->
<testsuite hostname="DESKTOP-SK33D9P" failures="0" tests="9" name="runner.TestRunner" time="101.034" errors="0" timestamp="2025-09-09T13:44:10 IST" skipped="0">
  <testcase classname="runner.TestRunner" name="runScenario" time="23.777"/>
  <testcase classname="runner.TestRunner" name="runScenario" time="15.334"/>
  <testcase classname="runner.TestRunner" name="runScenario" time="4.955"/>
  <testcase classname="runner.TestRunner" name="runScenario" time="3.333"/>
  <testcase classname="runner.TestRunner" name="runScenario" time="7.492"/>
  <testcase classname="runner.TestRunner" name="runScenario" time="7.064"/>
  <testcase classname="runner.TestRunner" name="runScenario" time="16.168"/>
  <testcase classname="runner.TestRunner" name="runScenario" time="3.076"/>
  <testcase classname="runner.TestRunner" name="runScenario" time="19.835"/>
</testsuite> <!-- runner.TestRunner -->
