<?xml version="1.0" encoding="UTF-8"?>
<!-- Generated by org.testng.reporters.JUnitReportReporter -->
<testsuite hostname="DESKTOP-SK33D9P" failures="0" tests="11" name="runner.TestRunner" time="102.477" errors="0" timestamp="2025-09-10T14:36:23 IST" skipped="0">
  <testcase classname="runner.TestRunner" name="runScenario" time="23.603"/>
  <testcase classname="runner.TestRunner" name="runScenario" time="5.471"/>
  <testcase classname="runner.TestRunner" name="runScenario" time="1.980"/>
  <testcase classname="runner.TestRunner" name="runScenario" time="6.253"/>
  <testcase classname="runner.TestRunner" name="runScenario" time="30.223"/>
  <testcase classname="runner.TestRunner" name="runScenario" time="13.764"/>
  <testcase classname="runner.TestRunner" name="runScenario" time="1.541"/>
  <testcase classname="runner.TestRunner" name="runScenario" time="6.440"/>
  <testcase classname="runner.TestRunner" name="runScenario" time="4.741"/>
  <testcase classname="runner.TestRunner" name="runScenario" time="5.702"/>
  <testcase classname="runner.TestRunner" name="runScenario" time="2.759"/>
</testsuite> <!-- runner.TestRunner -->
