<?xml version="1.0" encoding="UTF-8"?>
<!-- Generated by org.testng.reporters.JUnitReportReporter -->
<testsuite hostname="DESKTOP-SK33D9P" failures="0" tests="18" name="runner.Test_Runner" time="435.907" errors="0" timestamp="2025-09-13T20:37:11 IST" skipped="0">
  <testcase classname="runner.Test_Runner" name="runScenario" time="6.020"/>
  <testcase classname="runner.Test_Runner" name="runScenario" time="5.035"/>
  <testcase classname="runner.Test_Runner" name="runScenario" time="15.499"/>
  <testcase classname="runner.Test_Runner" name="runScenario" time="5.992"/>
  <testcase classname="runner.Test_Runner" name="runScenario" time="58.691"/>
  <testcase classname="runner.Test_Runner" name="runScenario" time="57.192"/>
  <testcase classname="runner.Test_Runner" name="runScenario" time="8.543"/>
  <testcase classname="runner.Test_Runner" name="runScenario" time="38.520"/>
  <testcase classname="runner.Test_Runner" name="runScenario" time="3.995"/>
  <testcase classname="runner.Test_Runner" name="runScenario" time="10.363"/>
  <testcase classname="runner.Test_Runner" name="runScenario" time="5.900"/>
  <testcase classname="runner.Test_Runner" name="runScenario" time="94.924"/>
  <testcase classname="runner.Test_Runner" name="runScenario" time="2.157"/>
  <testcase classname="runner.Test_Runner" name="runScenario" time="10.462"/>
  <testcase classname="runner.Test_Runner" name="runScenario" time="13.147"/>
  <testcase classname="runner.Test_Runner" name="runScenario" time="52.161"/>
  <testcase classname="runner.Test_Runner" name="runScenario" time="19.424"/>
  <testcase classname="runner.Test_Runner" name="runScenario" time="27.882"/>
</testsuite> <!-- runner.Test_Runner -->
