<?xml version="1.0" encoding="UTF-8"?>
<!-- Generated by org.testng.reporters.JUnitReportReporter -->
<testsuite hostname="DESKTOP-SK33D9P" failures="0" tests="1" name="com.runner.TestRunner" time="14.212" errors="0" timestamp="2025-09-06T12:28:06 IST" skipped="0">
  <testcase classname="com.runner.TestRunner" name="runScenario" time="14.212"/>
</testsuite> <!-- com.runner.TestRunner -->
