<?xml version="1.0" encoding="UTF-8"?>
<!-- Generated by org.testng.reporters.JUnitReportReporter -->
<testsuite hostname="DESKTOP-SK33D9P" failures="0" tests="8" name="runner.TestRunner" time="60.843" errors="0" timestamp="2025-09-08T21:08:17 IST" skipped="0">
  <testcase classname="runner.TestRunner" name="runScenario" time="1.050"/>
  <testcase classname="runner.TestRunner" name="runScenario" time="4.669"/>
  <testcase classname="runner.TestRunner" name="runScenario" time="11.309"/>
  <testcase classname="runner.TestRunner" name="runScenario" time="4.732"/>
  <testcase classname="runner.TestRunner" name="runScenario" time="0.003"/>
  <testcase classname="runner.TestRunner" name="runScenario" time="0.330"/>
  <testcase classname="runner.TestRunner" name="runScenario" time="33.596"/>
  <testcase classname="runner.TestRunner" name="runScenario" time="5.154"/>
</testsuite> <!-- runner.TestRunner -->
